2021-10-29 17:21:29.249587 (MainThread): Running with dbt=0.21.0
2021-10-29 17:21:30.017279 (MainThread): running dbt with arguments Namespace(cls=<class 'dbt.task.run.RunTask'>, debug=False, defer=None, exclude=None, fail_fast=False, full_refresh=False, log_cache_events=False, log_format='default', partial_parse=None, profile=None, profiles_dir='/Users/tho/.dbt', project_dir=None, record_timing_info=None, rpc_method='run', select=None, selector_name=None, single_threaded=False, state=None, strict=False, target=None, test_new_parser=False, threads=None, use_cache=True, use_colors=None, use_experimental_parser=False, vars='{}', version_check=True, warn_error=False, which='run', write_json=True)
2021-10-29 17:21:30.018324 (MainThread): Tracking: tracking
2021-10-29 17:21:30.025923 (MainThread): Sending event: {'category': 'dbt', 'action': 'invocation', 'label': 'start', 'context': [<snowplow_tracker.self_describing_json.SelfDescribingJson object at 0x10e2100a0>, <snowplow_tracker.self_describing_json.SelfDescribingJson object at 0x10e214e80>, <snowplow_tracker.self_describing_json.SelfDescribingJson object at 0x10e214a00>]}
2021-10-29 17:21:30.056831 (MainThread): Partial parsing not enabled
2021-10-29 17:21:30.093375 (MainThread): Parsing macros/extract_json.sql
2021-10-29 17:21:30.094681 (MainThread): Parsing macros/get_version.sql
2021-10-29 17:21:30.095952 (MainThread): Parsing macros/etc.sql
2021-10-29 17:21:30.098699 (MainThread): Parsing macros/catalog.sql
2021-10-29 17:21:30.107306 (MainThread): Parsing macros/adapters.sql
2021-10-29 17:21:30.141165 (MainThread): Parsing macros/materializations/seed.sql
2021-10-29 17:21:30.144962 (MainThread): Parsing macros/materializations/view.sql
2021-10-29 17:21:30.148954 (MainThread): Parsing macros/materializations/table.sql
2021-10-29 17:21:30.162706 (MainThread): Parsing macros/materializations/copy.sql
2021-10-29 17:21:30.166973 (MainThread): Parsing macros/materializations/incremental.sql
2021-10-29 17:21:30.188818 (MainThread): Parsing macros/materializations/snapshot.sql
2021-10-29 17:21:30.191130 (MainThread): Parsing macros/core.sql
2021-10-29 17:21:30.196349 (MainThread): Parsing macros/materializations/test.sql
2021-10-29 17:21:30.205969 (MainThread): Parsing macros/materializations/helpers.sql
2021-10-29 17:21:30.220145 (MainThread): Parsing macros/materializations/snapshot/snapshot_merge.sql
2021-10-29 17:21:30.222445 (MainThread): Parsing macros/materializations/snapshot/strategies.sql
2021-10-29 17:21:30.248773 (MainThread): Parsing macros/materializations/snapshot/snapshot.sql
2021-10-29 17:21:30.295911 (MainThread): Parsing macros/materializations/seed/seed.sql
2021-10-29 17:21:30.330537 (MainThread): Parsing macros/materializations/incremental/helpers.sql
2021-10-29 17:21:30.333121 (MainThread): Parsing macros/materializations/incremental/incremental.sql
2021-10-29 17:21:30.348359 (MainThread): Parsing macros/materializations/incremental/on_schema_change.sql
2021-10-29 17:21:30.378017 (MainThread): Parsing macros/materializations/common/merge.sql
2021-10-29 17:21:30.398991 (MainThread): Parsing macros/materializations/table/table.sql
2021-10-29 17:21:30.410163 (MainThread): Parsing macros/materializations/view/view.sql
2021-10-29 17:21:30.421129 (MainThread): Parsing macros/materializations/view/create_or_replace_view.sql
2021-10-29 17:21:30.427457 (MainThread): Parsing macros/etc/get_custom_alias.sql
2021-10-29 17:21:30.429686 (MainThread): Parsing macros/etc/query.sql
2021-10-29 17:21:30.430945 (MainThread): Parsing macros/etc/is_incremental.sql
2021-10-29 17:21:30.432922 (MainThread): Parsing macros/etc/datetime.sql
2021-10-29 17:21:30.446158 (MainThread): Parsing macros/etc/where_subquery.sql
2021-10-29 17:21:30.448855 (MainThread): Parsing macros/etc/get_custom_schema.sql
2021-10-29 17:21:30.453095 (MainThread): Parsing macros/etc/get_custom_database.sql
2021-10-29 17:21:30.455232 (MainThread): Parsing macros/adapters/common.sql
2021-10-29 17:21:30.536194 (MainThread): Parsing macros/schema_tests/relationships.sql
2021-10-29 17:21:30.539039 (MainThread): Parsing macros/schema_tests/not_null.sql
2021-10-29 17:21:30.540888 (MainThread): Parsing macros/schema_tests/unique.sql
2021-10-29 17:21:30.542761 (MainThread): Parsing macros/schema_tests/accepted_values.sql
2021-10-29 17:21:30.546326 (MainThread): Parsing macros/cross_db_utils/except.sql
2021-10-29 17:21:30.548152 (MainThread): Parsing macros/cross_db_utils/replace.sql
2021-10-29 17:21:30.550293 (MainThread): Parsing macros/cross_db_utils/concat.sql
2021-10-29 17:21:30.551765 (MainThread): Parsing macros/cross_db_utils/datatypes.sql
2021-10-29 17:21:30.560656 (MainThread): Parsing macros/cross_db_utils/_is_relation.sql
2021-10-29 17:21:30.562765 (MainThread): Parsing macros/cross_db_utils/length.sql
2021-10-29 17:21:30.564911 (MainThread): Parsing macros/cross_db_utils/dateadd.sql
2021-10-29 17:21:30.569225 (MainThread): Parsing macros/cross_db_utils/intersect.sql
2021-10-29 17:21:30.570769 (MainThread): Parsing macros/cross_db_utils/right.sql
2021-10-29 17:21:30.574119 (MainThread): Parsing macros/cross_db_utils/datediff.sql
2021-10-29 17:21:30.589446 (MainThread): Parsing macros/cross_db_utils/safe_cast.sql
2021-10-29 17:21:30.592302 (MainThread): Parsing macros/cross_db_utils/hash.sql
2021-10-29 17:21:30.594360 (MainThread): Parsing macros/cross_db_utils/cast_bool_to_text.sql
2021-10-29 17:21:30.596611 (MainThread): Parsing macros/cross_db_utils/identifier.sql
2021-10-29 17:21:30.599329 (MainThread): Parsing macros/cross_db_utils/position.sql
2021-10-29 17:21:30.601600 (MainThread): Parsing macros/cross_db_utils/literal.sql
2021-10-29 17:21:30.602910 (MainThread): Parsing macros/cross_db_utils/current_timestamp.sql
2021-10-29 17:21:30.608328 (MainThread): Parsing macros/cross_db_utils/width_bucket.sql
2021-10-29 17:21:30.616454 (MainThread): Parsing macros/cross_db_utils/last_day.sql
2021-10-29 17:21:30.621822 (MainThread): Parsing macros/cross_db_utils/split_part.sql
2021-10-29 17:21:30.624515 (MainThread): Parsing macros/cross_db_utils/date_trunc.sql
2021-10-29 17:21:30.626915 (MainThread): Parsing macros/cross_db_utils/_is_ephemeral.sql
2021-10-29 17:21:30.629918 (MainThread): Parsing macros/materializations/insert_by_period_materialization.sql
2021-10-29 17:21:30.668465 (MainThread): Parsing macros/web/get_url_host.sql
2021-10-29 17:21:30.671277 (MainThread): Parsing macros/web/get_url_path.sql
2021-10-29 17:21:30.674748 (MainThread): Parsing macros/web/get_url_parameter.sql
2021-10-29 17:21:30.677588 (MainThread): Parsing macros/jinja_helpers/pretty_log_format.sql
2021-10-29 17:21:30.679165 (MainThread): Parsing macros/jinja_helpers/pretty_time.sql
2021-10-29 17:21:30.681096 (MainThread): Parsing macros/jinja_helpers/log_info.sql
2021-10-29 17:21:30.682704 (MainThread): Parsing macros/jinja_helpers/slugify.sql
2021-10-29 17:21:30.685000 (MainThread): Parsing macros/schema_tests/fewer_rows_than.sql
2021-10-29 17:21:30.687647 (MainThread): Parsing macros/schema_tests/equal_rowcount.sql
2021-10-29 17:21:30.689861 (MainThread): Parsing macros/schema_tests/relationships_where.sql
2021-10-29 17:21:30.692947 (MainThread): Parsing macros/schema_tests/recency.sql
2021-10-29 17:21:30.696296 (MainThread): Parsing macros/schema_tests/not_constant.sql
2021-10-29 17:21:30.698067 (MainThread): Parsing macros/schema_tests/accepted_range.sql
2021-10-29 17:21:30.701996 (MainThread): Parsing macros/schema_tests/not_accepted_values.sql
2021-10-29 17:21:30.705143 (MainThread): Parsing macros/schema_tests/test_unique_where.sql
2021-10-29 17:21:30.707331 (MainThread): Parsing macros/schema_tests/at_least_one.sql
2021-10-29 17:21:30.709604 (MainThread): Parsing macros/schema_tests/unique_combination_of_columns.sql
2021-10-29 17:21:30.713690 (MainThread): Parsing macros/schema_tests/cardinality_equality.sql
2021-10-29 17:21:30.716842 (MainThread): Parsing macros/schema_tests/expression_is_true.sql
2021-10-29 17:21:30.719742 (MainThread): Parsing macros/schema_tests/not_null_proportion.sql
2021-10-29 17:21:30.722880 (MainThread): Parsing macros/schema_tests/sequential_values.sql
2021-10-29 17:21:30.727218 (MainThread): Parsing macros/schema_tests/test_not_null_where.sql
2021-10-29 17:21:30.729463 (MainThread): Parsing macros/schema_tests/equality.sql
2021-10-29 17:21:30.734794 (MainThread): Parsing macros/schema_tests/mutually_exclusive_ranges.sql
2021-10-29 17:21:30.748683 (MainThread): Parsing macros/sql/date_spine.sql
2021-10-29 17:21:30.755926 (MainThread): Parsing macros/sql/nullcheck_table.sql
2021-10-29 17:21:30.758487 (MainThread): Parsing macros/sql/get_relations_by_pattern.sql
2021-10-29 17:21:30.763414 (MainThread): Parsing macros/sql/generate_series.sql
2021-10-29 17:21:30.770509 (MainThread): Parsing macros/sql/get_relations_by_prefix.sql
2021-10-29 17:21:30.776308 (MainThread): Parsing macros/sql/get_tables_by_prefix_sql.sql
2021-10-29 17:21:30.778819 (MainThread): Parsing macros/sql/star.sql
2021-10-29 17:21:30.784215 (MainThread): Parsing macros/sql/unpivot.sql
2021-10-29 17:21:30.796626 (MainThread): Parsing macros/sql/union.sql
2021-10-29 17:21:30.809415 (MainThread): Parsing macros/sql/groupby.sql
2021-10-29 17:21:30.815804 (MainThread): Parsing macros/sql/surrogate_key.sql
2021-10-29 17:21:30.821275 (MainThread): Parsing macros/sql/safe_add.sql
2021-10-29 17:21:30.823764 (MainThread): Parsing macros/sql/nullcheck.sql
2021-10-29 17:21:30.826274 (MainThread): Parsing macros/sql/get_tables_by_pattern_sql.sql
2021-10-29 17:21:30.835286 (MainThread): Parsing macros/sql/get_column_values.sql
2021-10-29 17:21:30.842928 (MainThread): Parsing macros/sql/pivot.sql
2021-10-29 17:21:30.849674 (MainThread): Parsing macros/sql/get_query_results_as_dict.sql
2021-10-29 17:21:30.853520 (MainThread): Parsing macros/sql/haversine_distance.sql
2021-10-29 17:21:31.462849 (MainThread): Acquiring new bigquery connection "model.dc_warehouses.raw_data_addresses".
2021-10-29 17:21:31.532071 (MainThread): 'soft_unicode' has been renamed to 'soft_str'. The old name will be removed in MarkupSafe 2.1.
2021-10-29 17:21:31.534425 (MainThread): 'soft_unicode' has been renamed to 'soft_str'. The old name will be removed in MarkupSafe 2.1.
2021-10-29 17:21:31.563709 (MainThread): [WARNING]: Configuration paths exist in your dbt_project.yml file which do not apply to any resources.
There are 1 unused configuration paths:
- models.dc_warehouses.example

2021-10-29 17:21:31.572436 (MainThread): Sending event: {'category': 'dbt', 'action': 'load_project', 'label': '813def5b-a2a8-4e81-9680-f73433b8f21b', 'context': [<snowplow_tracker.self_describing_json.SelfDescribingJson object at 0x10e3b0070>]}
2021-10-29 17:21:31.583920 (MainThread): write_gpickle is deprecated and will be removed in 3.0.Use ``pickle.dump(G, path, protocol)``
2021-10-29 17:21:31.584499 (MainThread): Sending event: {'category': 'dbt', 'action': 'resource_counts', 'label': '813def5b-a2a8-4e81-9680-f73433b8f21b', 'context': [<snowplow_tracker.self_describing_json.SelfDescribingJson object at 0x10e3b0100>]}
2021-10-29 17:21:31.584894 (MainThread): Found 1 model, 2 tests, 0 snapshots, 0 analyses, 373 macros, 0 operations, 0 seed files, 0 sources, 0 exposures
2021-10-29 17:21:31.587285 (MainThread): 
2021-10-29 17:21:31.587788 (MainThread): Acquiring new bigquery connection "master".
2021-10-29 17:21:31.588852 (ThreadPoolExecutor-0_0): Acquiring new bigquery connection "list_dc-warehouses".
2021-10-29 17:21:31.589124 (ThreadPoolExecutor-0_0): Opening a new connection, currently in state init
2021-10-29 17:21:34.077658 (ThreadPoolExecutor-1_0): Acquiring new bigquery connection "list_dc-warehouses_raw_data".
2021-10-29 17:21:34.078030 (ThreadPoolExecutor-1_0): Opening a new connection, currently in state closed
2021-10-29 17:21:34.082731 (ThreadPoolExecutor-1_0): Client.dataset is deprecated and will be removed in a future version. Use a string like 'my_project.my_dataset' or a cloud.google.bigquery.DatasetReference object, instead.
2021-10-29 17:21:34.962202 (MainThread): 00:21:34 | Concurrency: 1 threads (target='dev')
2021-10-29 17:21:34.962501 (MainThread): 00:21:34 | 
2021-10-29 17:21:34.964498 (Thread-1): Began running node model.dc_warehouses.raw_data_addresses
2021-10-29 17:21:34.964868 (Thread-1): 00:21:34 | 1 of 1 START table model raw_data.raw_data_addresses................. [RUN]
2021-10-29 17:21:34.965333 (Thread-1): Acquiring new bigquery connection "model.dc_warehouses.raw_data_addresses".
2021-10-29 17:21:34.965650 (Thread-1): Compiling model.dc_warehouses.raw_data_addresses
2021-10-29 17:21:34.967157 (Thread-1): unclosed <ssl.SSLSocket fd=10, family=AddressFamily.AF_INET, type=SocketKind.SOCK_STREAM, proto=0, laddr=('192.168.1.3', 53548), raddr=('142.250.66.106', 443)>
2021-10-29 17:21:34.967541 (Thread-1): unclosed <ssl.SSLSocket fd=11, family=AddressFamily.AF_INET, type=SocketKind.SOCK_STREAM, proto=0, laddr=('192.168.1.3', 53549), raddr=('172.217.174.202', 443)>
2021-10-29 17:21:34.967770 (Thread-1): unclosed <ssl.SSLSocket fd=12, family=AddressFamily.AF_INET, type=SocketKind.SOCK_STREAM, proto=0, laddr=('192.168.1.3', 53550), raddr=('142.250.66.106', 443)>
2021-10-29 17:21:34.967985 (Thread-1): unclosed <ssl.SSLSocket fd=13, family=AddressFamily.AF_INET, type=SocketKind.SOCK_STREAM, proto=0, laddr=('192.168.1.3', 53551), raddr=('172.217.174.202', 443)>
2021-10-29 17:21:34.971631 (Thread-1): Writing injected SQL for node "model.dc_warehouses.raw_data_addresses"
2021-10-29 17:21:34.972216 (Thread-1): finished collecting timing info
2021-10-29 17:21:35.000217 (Thread-1): Opening a new connection, currently in state closed
2021-10-29 17:21:35.006290 (Thread-1): Client.dataset is deprecated and will be removed in a future version. Use a string like 'my_project.my_dataset' or a cloud.google.bigquery.DatasetReference object, instead.
2021-10-29 17:21:36.027188 (Thread-1): Writing runtime SQL for node "model.dc_warehouses.raw_data_addresses"
2021-10-29 17:21:36.027940 (Thread-1): On model.dc_warehouses.raw_data_addresses: /* {"app": "dbt", "dbt_version": "0.21.0", "profile_name": "dc_warehouses", "target_name": "dev", "node_id": "model.dc_warehouses.raw_data_addresses"} */


  create or replace table `dc-warehouses`.`raw_data`.`raw_data_addresses`
  
  
  OPTIONS()
  as (
    

with raw_data_addresses as (
  select
    json_extract(_airbyte_data, '$.id') AS id,
    json_extract(_airbyte_data, '$.uid') AS uid,
    json_extract(_airbyte_data, '$.user_id') AS user_id,
    json_extract(_airbyte_data, '$.address_1') AS address_1,
    json_extract(_airbyte_data, '$.address_2') AS address_2,
    json_extract(_airbyte_data, '$.state') AS state,
    json_extract(_airbyte_data, '$.province') AS province,
    json_extract(_airbyte_data, '$.postal_code') AS postal_code,
    json_extract(_airbyte_data, '$.country') AS country,
    json_extract(_airbyte_data, '$.phone') AS phone,
    json_extract(_airbyte_data, '$.first_name') AS first_name,
    json_extract(_airbyte_data, '$.last_name') AS last_name,
    json_extract(_airbyte_data, '$.created_at') AS created_at,
    json_extract(_airbyte_data, '$.updated_at') AS updated_at,
    json_extract(_airbyte_data, '$.ward') AS ward,

  from `dc-warehouses.raw_data._airbyte_raw_addresses`

  limit 39
)

select
  *
from raw_data_addresses
  );
    
2021-10-29 17:21:41.443221 (Thread-1): finished collecting timing info
2021-10-29 17:21:41.444026 (Thread-1): Sending event: {'category': 'dbt', 'action': 'run_model', 'label': '813def5b-a2a8-4e81-9680-f73433b8f21b', 'context': [<snowplow_tracker.self_describing_json.SelfDescribingJson object at 0x10e574fd0>]}
2021-10-29 17:21:41.444481 (Thread-1): 00:21:41 | 1 of 1 OK created table model raw_data.raw_data_addresses............ [CREATE TABLE (39.0 rows, 135.4 KB processed) in 6.48s]
2021-10-29 17:21:41.444719 (Thread-1): Finished running node model.dc_warehouses.raw_data_addresses
2021-10-29 17:21:41.446144 (MainThread): Acquiring new bigquery connection "master".
2021-10-29 17:21:41.446599 (MainThread): 00:21:41 | 
2021-10-29 17:21:41.446821 (MainThread): 00:21:41 | Finished running 1 table model in 9.86s.
2021-10-29 17:21:41.447137 (MainThread): Connection 'master' was properly closed.
2021-10-29 17:21:41.447326 (MainThread): Connection 'model.dc_warehouses.raw_data_addresses' was properly closed.
2021-10-29 17:21:41.459481 (MainThread): 
2021-10-29 17:21:41.459735 (MainThread): Completed successfully
2021-10-29 17:21:41.459952 (MainThread): 
Done. PASS=1 WARN=0 ERROR=0 SKIP=0 TOTAL=1
2021-10-29 17:21:41.460249 (MainThread): Sending event: {'category': 'dbt', 'action': 'invocation', 'label': 'end', 'context': [<snowplow_tracker.self_describing_json.SelfDescribingJson object at 0x10e3b1190>, <snowplow_tracker.self_describing_json.SelfDescribingJson object at 0x10e44b430>, <snowplow_tracker.self_describing_json.SelfDescribingJson object at 0x10e44b670>]}
2021-10-29 17:21:41.460580 (MainThread): Flushing usage events
